-------------------------------------------------------------------------------
Test set: io.javabrains.springsecurityjwt.SpringSecurityJwtApplicationTests
-------------------------------------------------------------------------------
Tests run: 1, Failures: 0, Errors: 1, Skipped: 0, Time elapsed: 0.604 s <<< FAILURE! - in io.javabrains.springsecurityjwt.SpringSecurityJwtApplicationTests
initializationError(io.javabrains.springsecurityjwt.SpringSecurityJwtApplicationTests)  Time elapsed: 0.007 s  <<< ERROR!
java.lang.IllegalStateException: Unable to find a @SpringBootConfiguration, you need to use @ContextConfiguration or @SpringBootTest(classes=...) with your test

